This file contains any messages produced by compilers while
running configure, to aid debugging if configure makes a mistake.

It was created by HMMER configure 3.1b2, which was
generated by GNU Autoconf 2.68.  Invocation command line was

  $ ./configure --prefix=/home/shaoxunliu/miniconda3/envs/rclamps_env

## --------- ##
## Platform. ##
## --------- ##

hostname = LAPTOP-14P6JRSP
uname -m = x86_64
uname -r = 5.10.102.1-microsoft-standard-WSL2
uname -s = Linux
uname -v = #1 SMP Wed Mar 2 00:30:59 UTC 2022

/usr/bin/uname -p = x86_64
/bin/uname -X     = unknown

/bin/arch              = x86_64
/usr/bin/arch -k       = unknown
/usr/convex/getsysinfo = unknown
/usr/bin/hostinfo      = unknown
/bin/machine           = unknown
/usr/bin/oslevel       = unknown
/bin/universe          = unknown

PATH: /home/shaoxunliu/.local/bin
PATH: /home/shaoxunliu/miniconda3/envs/rclamps_env/bin
PATH: /home/shaoxunliu/miniconda3/condabin
PATH: /home/shaoxunliu/.local/bin
PATH: /usr/local/sbin
PATH: /usr/local/bin
PATH: /usr/sbin
PATH: /usr/bin
PATH: /sbin
PATH: /bin
PATH: /usr/games
PATH: /usr/local/games
PATH: /usr/lib/wsl/lib
PATH: /mnt/c/Program Files/Common Files/Oracle/Java/javapath
PATH: /mnt/c/Program Files (x86)/Common Files/Oracle/Java/javapath
PATH: /mnt/c/Windows/system32
PATH: /mnt/c/Windows
PATH: /mnt/c/Windows/System32/Wbem
PATH: /mnt/c/Windows/System32/WindowsPowerShell/v1.0
PATH: /mnt/c/Windows/System32/OpenSSH
PATH: /mnt/c/Program Files (x86)/NVIDIA Corporation/PhysX/Common
PATH: /mnt/c/Program Files/NVIDIA Corporation/NVIDIA NvDLISR
PATH: /mnt/c/Program Files/Azure Data Studio/bin
PATH: /mnt/c/Program Files/dotnet
PATH: /mnt/c/Program Files/Microsoft SQL Server/130/Tools/Binn
PATH: /mnt/c/Program Files (x86)/ZeroTier/One
PATH: /mnt/c/WINDOWS/system32
PATH: /mnt/c/WINDOWS
PATH: /mnt/c/WINDOWS/System32/Wbem
PATH: /mnt/c/WINDOWS/System32/WindowsPowerShell/v1.0
PATH: /mnt/c/WINDOWS/System32/OpenSSH
PATH: /mnt/e/Windows Kits/10/Windows Performance Toolkit
PATH: /mnt/e/Quarto/bin
PATH: /mnt/c/Users/shawn/AppData/Local/Microsoft/WindowsApps
PATH: /mnt/c/Program Files/Azure Data Studio/bin
PATH: /mnt/e/Microsoft VS Code/bin
PATH: /mnt/c/Users/shawn/.dotnet/tools
PATH: /mnt/c/Users/shawn/AppData/Local/GitHubDesktop/bin
PATH: /mnt/e/Jalview/bin
PATH: /mnt/e/PyCharm 2023.2.5/bin
PATH: /snap/bin


## ----------- ##
## Core tests. ##
## ----------- ##

configure:2264: Configuring HMMER for your system.
configure:2407: checking build system type
configure:2421: result: x86_64-unknown-linux-gnu
configure:2441: checking host system type
configure:2454: result: x86_64-unknown-linux-gnu
configure:2485: Full HMMER source distribution - using full configuration
configure:2677: checking for gcc
configure:2693: found /usr/bin/gcc
configure:2704: result: gcc
configure:2933: checking for C compiler version
configure:2942: gcc --version >&5
gcc (Ubuntu 9.4.0-1ubuntu1~20.04.2) 9.4.0
Copyright (C) 2019 Free Software Foundation, Inc.
This is free software; see the source for copying conditions.  There is NO
warranty; not even for MERCHANTABILITY or FITNESS FOR A PARTICULAR PURPOSE.

configure:2953: $? = 0
configure:2942: gcc -v >&5
Using built-in specs.
COLLECT_GCC=gcc
COLLECT_LTO_WRAPPER=/usr/lib/gcc/x86_64-linux-gnu/9/lto-wrapper
OFFLOAD_TARGET_NAMES=nvptx-none:hsa
OFFLOAD_TARGET_DEFAULT=1
Target: x86_64-linux-gnu
Configured with: ../src/configure -v --with-pkgversion='Ubuntu 9.4.0-1ubuntu1~20.04.2' --with-bugurl=file:///usr/share/doc/gcc-9/README.Bugs --enable-languages=c,ada,c++,go,brig,d,fortran,objc,obj-c++,gm2 --prefix=/usr --with-gcc-major-version-only --program-suffix=-9 --program-prefix=x86_64-linux-gnu- --enable-shared --enable-linker-build-id --libexecdir=/usr/lib --without-included-gettext --enable-threads=posix --libdir=/usr/lib --enable-nls --enable-clocale=gnu --enable-libstdcxx-debug --enable-libstdcxx-time=yes --with-default-libstdcxx-abi=new --enable-gnu-unique-object --disable-vtable-verify --enable-plugin --enable-default-pie --with-system-zlib --with-target-system-zlib=auto --enable-objc-gc=auto --enable-multiarch --disable-werror --with-arch-32=i686 --with-abi=m64 --with-multilib-list=m32,m64,mx32 --enable-multilib --with-tune=generic --enable-offload-targets=nvptx-none=/build/gcc-9-9QDOt0/gcc-9-9.4.0/debian/tmp-nvptx/usr,hsa --without-cuda-driver --enable-checking=release --build=x86_64-linux-gnu --host=x86_64-linux-gnu --target=x86_64-linux-gnu
Thread model: posix
gcc version 9.4.0 (Ubuntu 9.4.0-1ubuntu1~20.04.2) 
configure:2953: $? = 0
configure:2942: gcc -V >&5
gcc: error: unrecognized command line option '-V'
gcc: fatal error: no input files
compilation terminated.
configure:2953: $? = 1
configure:2942: gcc -qversion >&5
gcc: error: unrecognized command line option '-qversion'; did you mean '--version'?
gcc: fatal error: no input files
compilation terminated.
configure:2953: $? = 1
configure:2973: checking whether the C compiler works
configure:2995: gcc    conftest.c  >&5
configure:2999: $? = 0
configure:3047: result: yes
configure:3050: checking for C compiler default output file name
configure:3052: result: a.out
configure:3058: checking for suffix of executables
configure:3065: gcc -o conftest    conftest.c  >&5
configure:3069: $? = 0
configure:3091: result: 
configure:3113: checking whether we are cross compiling
configure:3121: gcc -o conftest    conftest.c  >&5
configure:3125: $? = 0
configure:3132: ./conftest
configure:3136: $? = 0
configure:3124: result: no
configure:3129: checking for suffix of object files
configure:3151: gcc -c   conftest.c >&5
configure:3155: $? = 0
configure:3176: result: o
configure:3180: checking whether we are using the GNU C compiler
configure:3199: gcc -c   conftest.c >&5
configure:3199: $? = 0
configure:3208: result: yes
configure:3217: checking whether gcc accepts -g
configure:3237: gcc -c -g  conftest.c >&5
configure:3237: $? = 0
configure:3278: result: yes
configure:3295: checking for gcc option to accept ISO C89
configure:3359: gcc  -c -g -O2  conftest.c >&5
configure:3359: $? = 0
configure:3372: result: none needed
configure:3394: checking for C compiler vendor
configure:3418: gcc -c -g -O2  conftest.c >&5
conftest.c: In function 'main':
conftest.c:26:7: error: 'thisisanerror' undeclared (first use in this function)
   26 |       thisisanerror;
      |       ^~~~~~~~~~~~~
conftest.c:26:7: note: each undeclared identifier is reported only once for each function it appears in
configure:3418: $? = 1
configure: failed program was:
| /* confdefs.h */
| #define PACKAGE_NAME "HMMER"
| #define PACKAGE_TARNAME "hmmer"
| #define PACKAGE_VERSION "3.1b2"
| #define PACKAGE_STRING "HMMER 3.1b2"
| #define PACKAGE_BUGREPORT "eddys@janelia.hhmi.org"
| #define PACKAGE_URL ""
| #define HMMER_DATE "February 2015"
| #define HMMER_COPYRIGHT "Copyright (C) 2015 Howard Hughes Medical Institute."
| #define HMMER_LICENSE "Freely distributed under the GNU General Public License (GPLv3)."
| #define HMMER_VERSION "3.1b2"
| #define HMMER_URL "http://hmmer.org/"
| #define EASEL_DATE "February 2015"
| #define EASEL_COPYRIGHT "Copyright (C) 2015 Howard Hughes Medical Institute."
| #define EASEL_LICENSE "Freely distributed under the Janelia Farm Software License."
| #define EASEL_VERSION "h3.1b2"
| #define eslLIBRARY 1
| #define eslDEBUGLEVEL 0
| /* end confdefs.h.  */
| 
| int
| main ()
| {
| 
| #if !(defined(__ICC) || defined(__ECC) || defined(__INTEL_COMPILER))
|       thisisanerror;
| #endif
| 
|   ;
|   return 0;
| }
configure:3418: gcc -c -g -O2  conftest.c >&5
conftest.c: In function 'main':
conftest.c:26:7: error: 'thisisanerror' undeclared (first use in this function)
   26 |       thisisanerror;
      |       ^~~~~~~~~~~~~
conftest.c:26:7: note: each undeclared identifier is reported only once for each function it appears in
configure:3418: $? = 1
configure: failed program was:
| /* confdefs.h */
| #define PACKAGE_NAME "HMMER"
| #define PACKAGE_TARNAME "hmmer"
| #define PACKAGE_VERSION "3.1b2"
| #define PACKAGE_STRING "HMMER 3.1b2"
| #define PACKAGE_BUGREPORT "eddys@janelia.hhmi.org"
| #define PACKAGE_URL ""
| #define HMMER_DATE "February 2015"
| #define HMMER_COPYRIGHT "Copyright (C) 2015 Howard Hughes Medical Institute."
| #define HMMER_LICENSE "Freely distributed under the GNU General Public License (GPLv3)."
| #define HMMER_VERSION "3.1b2"
| #define HMMER_URL "http://hmmer.org/"
| #define EASEL_DATE "February 2015"
| #define EASEL_COPYRIGHT "Copyright (C) 2015 Howard Hughes Medical Institute."
| #define EASEL_LICENSE "Freely distributed under the Janelia Farm Software License."
| #define EASEL_VERSION "h3.1b2"
| #define eslLIBRARY 1
| #define eslDEBUGLEVEL 0
| /* end confdefs.h.  */
| 
| int
| main ()
| {
| 
| #if !(defined(__xlc__) || defined(__xlC__) || defined(__IBMC__) || defined(__IBMCPP__))
|       thisisanerror;
| #endif
| 
|   ;
|   return 0;
| }
configure:3418: gcc -c -g -O2  conftest.c >&5
conftest.c: In function 'main':
conftest.c:26:7: error: 'thisisanerror' undeclared (first use in this function)
   26 |       thisisanerror;
      |       ^~~~~~~~~~~~~
conftest.c:26:7: note: each undeclared identifier is reported only once for each function it appears in
configure:3418: $? = 1
configure: failed program was:
| /* confdefs.h */
| #define PACKAGE_NAME "HMMER"
| #define PACKAGE_TARNAME "hmmer"
| #define PACKAGE_VERSION "3.1b2"
| #define PACKAGE_STRING "HMMER 3.1b2"
| #define PACKAGE_BUGREPORT "eddys@janelia.hhmi.org"
| #define PACKAGE_URL ""
| #define HMMER_DATE "February 2015"
| #define HMMER_COPYRIGHT "Copyright (C) 2015 Howard Hughes Medical Institute."
| #define HMMER_LICENSE "Freely distributed under the GNU General Public License (GPLv3)."
| #define HMMER_VERSION "3.1b2"
| #define HMMER_URL "http://hmmer.org/"
| #define EASEL_DATE "February 2015"
| #define EASEL_COPYRIGHT "Copyright (C) 2015 Howard Hughes Medical Institute."
| #define EASEL_LICENSE "Freely distributed under the Janelia Farm Software License."
| #define EASEL_VERSION "h3.1b2"
| #define eslLIBRARY 1
| #define eslDEBUGLEVEL 0
| /* end confdefs.h.  */
| 
| int
| main ()
| {
| 
| #if !(defined(__PATHCC__) || defined(__PATHSCALE__))
|       thisisanerror;
| #endif
| 
|   ;
|   return 0;
| }
configure:3418: gcc -c -g -O2  conftest.c >&5
configure:3418: $? = 0
configure:3425: result: gnu
configure:3634: checking for the pthreads library -lpthreads
configure:3667: gcc -o conftest -g -O2    conftest.c -lpthreads  >&5
conftest.c: In function 'main':
conftest.c:25:22: warning: null argument where non-null required (argument 1) [-Wnonnull]
   25 |                      pthread_attr_init(0); pthread_cleanup_push(0, 0);
      |                      ^~~~~~~~~~~~~~~~~
conftest.c:26:22: warning: null argument where non-null required (argument 1) [-Wnonnull]
   26 |                      pthread_create(0,0,0,0); pthread_cleanup_pop(0);
      |                      ^~~~~~~~~~~~~~
conftest.c:26:22: warning: null argument where non-null required (argument 3) [-Wnonnull]
/usr/bin/ld: cannot find -lpthreads
collect2: error: ld returned 1 exit status
configure:3667: $? = 1
configure: failed program was:
| /* confdefs.h */
| #define PACKAGE_NAME "HMMER"
| #define PACKAGE_TARNAME "hmmer"
| #define PACKAGE_VERSION "3.1b2"
| #define PACKAGE_STRING "HMMER 3.1b2"
| #define PACKAGE_BUGREPORT "eddys@janelia.hhmi.org"
| #define PACKAGE_URL ""
| #define HMMER_DATE "February 2015"
| #define HMMER_COPYRIGHT "Copyright (C) 2015 Howard Hughes Medical Institute."
| #define HMMER_LICENSE "Freely distributed under the GNU General Public License (GPLv3)."
| #define HMMER_VERSION "3.1b2"
| #define HMMER_URL "http://hmmer.org/"
| #define EASEL_DATE "February 2015"
| #define EASEL_COPYRIGHT "Copyright (C) 2015 Howard Hughes Medical Institute."
| #define EASEL_LICENSE "Freely distributed under the Janelia Farm Software License."
| #define EASEL_VERSION "h3.1b2"
| #define eslLIBRARY 1
| #define eslDEBUGLEVEL 0
| /* end confdefs.h.  */
| #include <pthread.h>
| int
| main ()
| {
| pthread_t th; pthread_join(th, 0);
|                      pthread_attr_init(0); pthread_cleanup_push(0, 0);
|                      pthread_create(0,0,0,0); pthread_cleanup_pop(0);
|   ;
|   return 0;
| }
configure:3676: result: no
configure:3579: checking whether pthreads work without any flags
configure:3667: gcc -o conftest -g -O2    conftest.c   >&5
conftest.c: In function 'main':
conftest.c:25:22: warning: null argument where non-null required (argument 1) [-Wnonnull]
   25 |                      pthread_attr_init(0); pthread_cleanup_push(0, 0);
      |                      ^~~~~~~~~~~~~~~~~
conftest.c:26:22: warning: null argument where non-null required (argument 1) [-Wnonnull]
   26 |                      pthread_create(0,0,0,0); pthread_cleanup_pop(0);
      |                      ^~~~~~~~~~~~~~
conftest.c:26:22: warning: null argument where non-null required (argument 3) [-Wnonnull]
/usr/bin/ld: /tmp/ccpu0qET.o: in function `main':
/mnt/e/desktop/FamilyCode/rCLAMPS/rCLAMPS-main/hmmer-3.1b2/conftest.c:24: undefined reference to `pthread_join'
/usr/bin/ld: /mnt/e/desktop/FamilyCode/rCLAMPS/rCLAMPS-main/hmmer-3.1b2/conftest.c:25: undefined reference to `__pthread_register_cancel'
/usr/bin/ld: /mnt/e/desktop/FamilyCode/rCLAMPS/rCLAMPS-main/hmmer-3.1b2/conftest.c:26: undefined reference to `pthread_create'
/usr/bin/ld: /mnt/e/desktop/FamilyCode/rCLAMPS/rCLAMPS-main/hmmer-3.1b2/conftest.c:26: undefined reference to `__pthread_unregister_cancel'
collect2: error: ld returned 1 exit status
configure:3667: $? = 1
configure: failed program was:
| /* confdefs.h */
| #define PACKAGE_NAME "HMMER"
| #define PACKAGE_TARNAME "hmmer"
| #define PACKAGE_VERSION "3.1b2"
| #define PACKAGE_STRING "HMMER 3.1b2"
| #define PACKAGE_BUGREPORT "eddys@janelia.hhmi.org"
| #define PACKAGE_URL ""
| #define HMMER_DATE "February 2015"
| #define HMMER_COPYRIGHT "Copyright (C) 2015 Howard Hughes Medical Institute."
| #define HMMER_LICENSE "Freely distributed under the GNU General Public License (GPLv3)."
| #define HMMER_VERSION "3.1b2"
| #define HMMER_URL "http://hmmer.org/"
| #define EASEL_DATE "February 2015"
| #define EASEL_COPYRIGHT "Copyright (C) 2015 Howard Hughes Medical Institute."
| #define EASEL_LICENSE "Freely distributed under the Janelia Farm Software License."
| #define EASEL_VERSION "h3.1b2"
| #define eslLIBRARY 1
| #define eslDEBUGLEVEL 0
| /* end confdefs.h.  */
| #include <pthread.h>
| int
| main ()
| {
| pthread_t th; pthread_join(th, 0);
|                      pthread_attr_init(0); pthread_cleanup_push(0, 0);
|                      pthread_create(0,0,0,0); pthread_cleanup_pop(0);
|   ;
|   return 0;
| }
configure:3676: result: no
configure:3584: checking whether pthreads work with -Kthread
configure:3667: gcc -o conftest -g -O2 -Kthread   conftest.c   >&5
gcc: error: unrecognized command line option '-Kthread'; did you mean '-pthread'?
configure:3667: $? = 1
configure: failed program was:
| /* confdefs.h */
| #define PACKAGE_NAME "HMMER"
| #define PACKAGE_TARNAME "hmmer"
| #define PACKAGE_VERSION "3.1b2"
| #define PACKAGE_STRING "HMMER 3.1b2"
| #define PACKAGE_BUGREPORT "eddys@janelia.hhmi.org"
| #define PACKAGE_URL ""
| #define HMMER_DATE "February 2015"
| #define HMMER_COPYRIGHT "Copyright (C) 2015 Howard Hughes Medical Institute."
| #define HMMER_LICENSE "Freely distributed under the GNU General Public License (GPLv3)."
| #define HMMER_VERSION "3.1b2"
| #define HMMER_URL "http://hmmer.org/"
| #define EASEL_DATE "February 2015"
| #define EASEL_COPYRIGHT "Copyright (C) 2015 Howard Hughes Medical Institute."
| #define EASEL_LICENSE "Freely distributed under the Janelia Farm Software License."
| #define EASEL_VERSION "h3.1b2"
| #define eslLIBRARY 1
| #define eslDEBUGLEVEL 0
| /* end confdefs.h.  */
| #include <pthread.h>
| int
| main ()
| {
| pthread_t th; pthread_join(th, 0);
|                      pthread_attr_init(0); pthread_cleanup_push(0, 0);
|                      pthread_create(0,0,0,0); pthread_cleanup_pop(0);
|   ;
|   return 0;
| }
configure:3676: result: no
configure:3584: checking whether pthreads work with -kthread
configure:3667: gcc -o conftest -g -O2 -kthread   conftest.c   >&5
gcc: error: unrecognized command line option '-kthread'; did you mean '-pthread'?
configure:3667: $? = 1
configure: failed program was:
| /* confdefs.h */
| #define PACKAGE_NAME "HMMER"
| #define PACKAGE_TARNAME "hmmer"
| #define PACKAGE_VERSION "3.1b2"
| #define PACKAGE_STRING "HMMER 3.1b2"
| #define PACKAGE_BUGREPORT "eddys@janelia.hhmi.org"
| #define PACKAGE_URL ""
| #define HMMER_DATE "February 2015"
| #define HMMER_COPYRIGHT "Copyright (C) 2015 Howard Hughes Medical Institute."
| #define HMMER_LICENSE "Freely distributed under the GNU General Public License (GPLv3)."
| #define HMMER_VERSION "3.1b2"
| #define HMMER_URL "http://hmmer.org/"
| #define EASEL_DATE "February 2015"
| #define EASEL_COPYRIGHT "Copyright (C) 2015 Howard Hughes Medical Institute."
| #define EASEL_LICENSE "Freely distributed under the Janelia Farm Software License."
| #define EASEL_VERSION "h3.1b2"
| #define eslLIBRARY 1
| #define eslDEBUGLEVEL 0
| /* end confdefs.h.  */
| #include <pthread.h>
| int
| main ()
| {
| pthread_t th; pthread_join(th, 0);
|                      pthread_attr_init(0); pthread_cleanup_push(0, 0);
|                      pthread_create(0,0,0,0); pthread_cleanup_pop(0);
|   ;
|   return 0;
| }
configure:3676: result: no
configure:3634: checking for the pthreads library -llthread
configure:3667: gcc -o conftest -g -O2    conftest.c -llthread  >&5
conftest.c: In function 'main':
conftest.c:25:22: warning: null argument where non-null required (argument 1) [-Wnonnull]
   25 |                      pthread_attr_init(0); pthread_cleanup_push(0, 0);
      |                      ^~~~~~~~~~~~~~~~~
conftest.c:26:22: warning: null argument where non-null required (argument 1) [-Wnonnull]
   26 |                      pthread_create(0,0,0,0); pthread_cleanup_pop(0);
      |                      ^~~~~~~~~~~~~~
conftest.c:26:22: warning: null argument where non-null required (argument 3) [-Wnonnull]
/usr/bin/ld: cannot find -llthread
collect2: error: ld returned 1 exit status
configure:3667: $? = 1
configure: failed program was:
| /* confdefs.h */
| #define PACKAGE_NAME "HMMER"
| #define PACKAGE_TARNAME "hmmer"
| #define PACKAGE_VERSION "3.1b2"
| #define PACKAGE_STRING "HMMER 3.1b2"
| #define PACKAGE_BUGREPORT "eddys@janelia.hhmi.org"
| #define PACKAGE_URL ""
| #define HMMER_DATE "February 2015"
| #define HMMER_COPYRIGHT "Copyright (C) 2015 Howard Hughes Medical Institute."
| #define HMMER_LICENSE "Freely distributed under the GNU General Public License (GPLv3)."
| #define HMMER_VERSION "3.1b2"
| #define HMMER_URL "http://hmmer.org/"
| #define EASEL_DATE "February 2015"
| #define EASEL_COPYRIGHT "Copyright (C) 2015 Howard Hughes Medical Institute."
| #define EASEL_LICENSE "Freely distributed under the Janelia Farm Software License."
| #define EASEL_VERSION "h3.1b2"
| #define eslLIBRARY 1
| #define eslDEBUGLEVEL 0
| /* end confdefs.h.  */
| #include <pthread.h>
| int
| main ()
| {
| pthread_t th; pthread_join(th, 0);
|                      pthread_attr_init(0); pthread_cleanup_push(0, 0);
|                      pthread_create(0,0,0,0); pthread_cleanup_pop(0);
|   ;
|   return 0;
| }
configure:3676: result: no
configure:3584: checking whether pthreads work with -pthread
configure:3667: gcc -o conftest -g -O2 -pthread   conftest.c   >&5
conftest.c: In function 'main':
conftest.c:25:22: warning: null argument where non-null required (argument 1) [-Wnonnull]
   25 |                      pthread_attr_init(0); pthread_cleanup_push(0, 0);
      |                      ^~~~~~~~~~~~~~~~~
conftest.c:26:22: warning: null argument where non-null required (argument 1) [-Wnonnull]
   26 |                      pthread_create(0,0,0,0); pthread_cleanup_pop(0);
      |                      ^~~~~~~~~~~~~~
conftest.c:26:22: warning: null argument where non-null required (argument 3) [-Wnonnull]
configure:3667: $? = 0
configure:3676: result: yes
configure:3696: checking for joinable pthread attribute
configure:3709: gcc -o conftest -g -O2 -pthread   conftest.c   >&5
configure:3709: $? = 0
configure:3741: result: PTHREAD_CREATE_JOINABLE
configure:3748: checking if more special flags are required for pthreads
configure:3758: result: no
configure:3770: checking for cc_r
configure:3798: result: gcc
configure:3964: checking for gcc
configure:3991: result: gcc
configure:4220: checking for C compiler version
configure:4229: gcc --version >&5
gcc (Ubuntu 9.4.0-1ubuntu1~20.04.2) 9.4.0
Copyright (C) 2019 Free Software Foundation, Inc.
This is free software; see the source for copying conditions.  There is NO
warranty; not even for MERCHANTABILITY or FITNESS FOR A PARTICULAR PURPOSE.

configure:4240: $? = 0
configure:4229: gcc -v >&5
Using built-in specs.
COLLECT_GCC=gcc
COLLECT_LTO_WRAPPER=/usr/lib/gcc/x86_64-linux-gnu/9/lto-wrapper
OFFLOAD_TARGET_NAMES=nvptx-none:hsa
OFFLOAD_TARGET_DEFAULT=1
Target: x86_64-linux-gnu
Configured with: ../src/configure -v --with-pkgversion='Ubuntu 9.4.0-1ubuntu1~20.04.2' --with-bugurl=file:///usr/share/doc/gcc-9/README.Bugs --enable-languages=c,ada,c++,go,brig,d,fortran,objc,obj-c++,gm2 --prefix=/usr --with-gcc-major-version-only --program-suffix=-9 --program-prefix=x86_64-linux-gnu- --enable-shared --enable-linker-build-id --libexecdir=/usr/lib --without-included-gettext --enable-threads=posix --libdir=/usr/lib --enable-nls --enable-clocale=gnu --enable-libstdcxx-debug --enable-libstdcxx-time=yes --with-default-libstdcxx-abi=new --enable-gnu-unique-object --disable-vtable-verify --enable-plugin --enable-default-pie --with-system-zlib --with-target-system-zlib=auto --enable-objc-gc=auto --enable-multiarch --disable-werror --with-arch-32=i686 --with-abi=m64 --with-multilib-list=m32,m64,mx32 --enable-multilib --with-tune=generic --enable-offload-targets=nvptx-none=/build/gcc-9-9QDOt0/gcc-9-9.4.0/debian/tmp-nvptx/usr,hsa --without-cuda-driver --enable-checking=release --build=x86_64-linux-gnu --host=x86_64-linux-gnu --target=x86_64-linux-gnu
Thread model: posix
gcc version 9.4.0 (Ubuntu 9.4.0-1ubuntu1~20.04.2) 
configure:4240: $? = 0
configure:4229: gcc -V >&5
gcc: error: unrecognized command line option '-V'
gcc: fatal error: no input files
compilation terminated.
configure:4240: $? = 1
configure:4229: gcc -qversion >&5
gcc: error: unrecognized command line option '-qversion'; did you mean '--version'?
gcc: fatal error: no input files
compilation terminated.
configure:4240: $? = 1
configure:4244: checking whether we are using the GNU C compiler
configure:4272: result: yes
configure:4281: checking whether gcc accepts -g
configure:4342: result: yes
configure:4359: checking for gcc option to accept ISO C89
configure:4436: result: none needed
configure:4470: checking for a BSD-compatible install
configure:4538: result: /usr/bin/install -c
configure:4747: checking how to run the C preprocessor
configure:4778: gcc -E  conftest.c
configure:4778: $? = 0
configure:4792: gcc -E  conftest.c
conftest.c:22:10: fatal error: ac_nonexistent.h: No such file or directory
   22 | #include <ac_nonexistent.h>
      |          ^~~~~~~~~~~~~~~~~~
compilation terminated.
configure:4792: $? = 1
configure: failed program was:
| /* confdefs.h */
| #define PACKAGE_NAME "HMMER"
| #define PACKAGE_TARNAME "hmmer"
| #define PACKAGE_VERSION "3.1b2"
| #define PACKAGE_STRING "HMMER 3.1b2"
| #define PACKAGE_BUGREPORT "eddys@janelia.hhmi.org"
| #define PACKAGE_URL ""
| #define HMMER_DATE "February 2015"
| #define HMMER_COPYRIGHT "Copyright (C) 2015 Howard Hughes Medical Institute."
| #define HMMER_LICENSE "Freely distributed under the GNU General Public License (GPLv3)."
| #define HMMER_VERSION "3.1b2"
| #define HMMER_URL "http://hmmer.org/"
| #define EASEL_DATE "February 2015"
| #define EASEL_COPYRIGHT "Copyright (C) 2015 Howard Hughes Medical Institute."
| #define EASEL_LICENSE "Freely distributed under the Janelia Farm Software License."
| #define EASEL_VERSION "h3.1b2"
| #define eslLIBRARY 1
| #define eslDEBUGLEVEL 0
| #define HMMER_THREADS 1
| #define HAVE_PTHREAD 1
| /* end confdefs.h.  */
| #include <ac_nonexistent.h>
configure:4817: result: gcc -E
configure:4837: gcc -E  conftest.c
configure:4837: $? = 0
configure:4851: gcc -E  conftest.c
conftest.c:22:10: fatal error: ac_nonexistent.h: No such file or directory
   22 | #include <ac_nonexistent.h>
      |          ^~~~~~~~~~~~~~~~~~
compilation terminated.
configure:4851: $? = 1
configure: failed program was:
| /* confdefs.h */
| #define PACKAGE_NAME "HMMER"
| #define PACKAGE_TARNAME "hmmer"
| #define PACKAGE_VERSION "3.1b2"
| #define PACKAGE_STRING "HMMER 3.1b2"
| #define PACKAGE_BUGREPORT "eddys@janelia.hhmi.org"
| #define PACKAGE_URL ""
| #define HMMER_DATE "February 2015"
| #define HMMER_COPYRIGHT "Copyright (C) 2015 Howard Hughes Medical Institute."
| #define HMMER_LICENSE "Freely distributed under the GNU General Public License (GPLv3)."
| #define HMMER_VERSION "3.1b2"
| #define HMMER_URL "http://hmmer.org/"
| #define EASEL_DATE "February 2015"
| #define EASEL_COPYRIGHT "Copyright (C) 2015 Howard Hughes Medical Institute."
| #define EASEL_LICENSE "Freely distributed under the Janelia Farm Software License."
| #define EASEL_VERSION "h3.1b2"
| #define eslLIBRARY 1
| #define eslDEBUGLEVEL 0
| #define HMMER_THREADS 1
| #define HAVE_PTHREAD 1
| /* end confdefs.h.  */
| #include <ac_nonexistent.h>
configure:4880: checking for C compiler vendor
configure:4911: result: gnu
configure:4920: checking for gcc option to accept ISO C99
configure:5069: gcc  -c -g -O2  conftest.c >&5
configure:5069: $? = 0
configure:5082: result: none needed
configure:5191: checking for gcc option to accept ISO Standard C
configure:5202: result: none needed
configure:5253: checking for ranlib
configure:5269: found /usr/bin/ranlib
configure:5280: result: ranlib
configure:5304: checking for ar
configure:5323: found /usr/bin/ar
configure:5336: result: /usr/bin/ar
configure:5345: checking whether you have a GNU make
configure:5356: result: yes, you do; and we assume you will use it!
configure:5373: checking for a sed that does not truncate output
configure:5437: result: /usr/bin/sed
configure:5710: checking whether C compiler accepts -fstrict-aliasing
configure:5729: gcc -c -fstrict-aliasing  conftest.c >&5
configure:5729: $? = 0
configure:5739: result: yes
configure:5765: checking for gcc architecture flag
configure:5767: result: 
configure:5789: checking for x86 cpuid 0 output
configure:5818: gcc -o conftest -O3 -fomit-frame-pointer -fstrict-aliasing   conftest.c  >&5
configure:5818: $? = 0
configure:5818: ./conftest
configure:5818: $? = 0
configure:5828: result: d:68747541:444d4163:69746e65
configure:5844: checking for x86 cpuid 1 output
configure:5873: gcc -o conftest -O3 -fomit-frame-pointer -fstrict-aliasing   conftest.c  >&5
configure:5873: $? = 0
configure:5873: ./conftest
configure:5873: $? = 0
configure:5883: result: a50f00:100800:fed83203:178bfbff
configure:6107: checking whether C compiler accepts -march=amdfam10
configure:6126: gcc -c -O3 -fomit-frame-pointer -fstrict-aliasing  -march=amdfam10  conftest.c >&5
configure:6126: $? = 0
configure:6135: result: yes
configure:6152: checking for gcc architecture flag
configure:6154: result: -march=amdfam10
configure:6176: checking whether C compiler accepts -O3 -fomit-frame-pointer -fstrict-aliasing -march=amdfam10
configure:6191: gcc -c -O3 -fomit-frame-pointer -fstrict-aliasing -march=amdfam10  conftest.c >&5
configure:6191: $? = 0
configure:6199: result: yes
configure:6244: checking for gcc option to produce PIC
configure:6330: result: -fPIC
configure:6339: checking whether C compiler accepts -msse2
configure:6358: gcc -c -msse2  conftest.c >&5
configure:6358: $? = 0
configure:6368: result: yes
configure:6652: checking compiler support for sse2 cast functions
configure:6677: gcc -c -O3 -fomit-frame-pointer -fstrict-aliasing -march=amdfam10 -msse2  conftest.c >&5
configure:6677: $? = 0
configure:6683: result: yes
configure:6695: checking whether SSE2 is supported
configure:6718: gcc -c -O3 -fomit-frame-pointer -fstrict-aliasing -march=amdfam10 -msse2  conftest.c >&5
configure:6718: $? = 0
configure:6719: result: yes
configure:6784: checking whether _MM_SET_FLUSH_ZERO_MODE is supported
configure:6800: gcc -c -O3 -fomit-frame-pointer -fstrict-aliasing -march=amdfam10 -msse2  conftest.c >&5
configure:6800: $? = 0
configure:6801: result: yes
configure:6816: Activating Intel/AMD SSE optimized DP implementation
configure:6853: checking compiler support --start-group
configure:6868: gcc -o conftest -O3 -fomit-frame-pointer -fstrict-aliasing -march=amdfam10  -Wl,--start-group -Wl,--end-group  conftest.c  >&5
configure:6868: $? = 0
configure:6869: result: yes
configure:6890: checking for gzip
configure:6908: found /usr/bin/gzip
configure:6921: result: /usr/bin/gzip
configure:7001: checking for grep that handles long lines and -e
configure:7059: result: /usr/bin/grep
configure:7064: checking for egrep
configure:7126: result: /usr/bin/grep -E
configure:7131: checking for ANSI C header files
configure:7151: gcc -c -O3 -fomit-frame-pointer -fstrict-aliasing -march=amdfam10  conftest.c >&5
configure:7151: $? = 0
configure:7224: gcc -o conftest -O3 -fomit-frame-pointer -fstrict-aliasing -march=amdfam10   conftest.c  >&5
configure:7224: $? = 0
configure:7224: ./conftest
configure:7224: $? = 0
configure:7235: result: yes
configure:7248: checking for sys/types.h
configure:7248: gcc -c -O3 -fomit-frame-pointer -fstrict-aliasing -march=amdfam10  conftest.c >&5
configure:7248: $? = 0
configure:7248: result: yes
configure:7248: checking for sys/stat.h
configure:7248: gcc -c -O3 -fomit-frame-pointer -fstrict-aliasing -march=amdfam10  conftest.c >&5
configure:7248: $? = 0
configure:7248: result: yes
configure:7248: checking for stdlib.h
configure:7248: gcc -c -O3 -fomit-frame-pointer -fstrict-aliasing -march=amdfam10  conftest.c >&5
configure:7248: $? = 0
configure:7248: result: yes
configure:7248: checking for string.h
configure:7248: gcc -c -O3 -fomit-frame-pointer -fstrict-aliasing -march=amdfam10  conftest.c >&5
configure:7248: $? = 0
configure:7248: result: yes
configure:7248: checking for memory.h
configure:7248: gcc -c -O3 -fomit-frame-pointer -fstrict-aliasing -march=amdfam10  conftest.c >&5
configure:7248: $? = 0
configure:7248: result: yes
configure:7248: checking for strings.h
configure:7248: gcc -c -O3 -fomit-frame-pointer -fstrict-aliasing -march=amdfam10  conftest.c >&5
configure:7248: $? = 0
configure:7248: result: yes
configure:7248: checking for inttypes.h
configure:7248: gcc -c -O3 -fomit-frame-pointer -fstrict-aliasing -march=amdfam10  conftest.c >&5
configure:7248: $? = 0
configure:7248: result: yes
configure:7248: checking for stdint.h
configure:7248: gcc -c -O3 -fomit-frame-pointer -fstrict-aliasing -march=amdfam10  conftest.c >&5
configure:7248: $? = 0
configure:7248: result: yes
configure:7248: checking for unistd.h
configure:7248: gcc -c -O3 -fomit-frame-pointer -fstrict-aliasing -march=amdfam10  conftest.c >&5
configure:7248: $? = 0
configure:7248: result: yes
configure:7270: checking endian.h usability
configure:7270: gcc -c -O3 -fomit-frame-pointer -fstrict-aliasing -march=amdfam10  conftest.c >&5
configure:7270: $? = 0
configure:7270: result: yes
configure:7270: checking endian.h presence
configure:7270: gcc -E  conftest.c
configure:7270: $? = 0
configure:7270: result: yes
configure:7270: checking for endian.h
configure:7270: result: yes
configure:7270: checking for inttypes.h
configure:7270: result: yes
configure:7270: checking for stdint.h
configure:7270: result: yes
configure:7270: checking for unistd.h
configure:7270: result: yes
configure:7270: checking for sys/types.h
configure:7270: result: yes
configure:7270: checking netinet/in.h usability
configure:7270: gcc -c -O3 -fomit-frame-pointer -fstrict-aliasing -march=amdfam10  conftest.c >&5
configure:7270: $? = 0
configure:7270: result: yes
configure:7270: checking netinet/in.h presence
configure:7270: gcc -E  conftest.c
configure:7270: $? = 0
configure:7270: result: yes
configure:7270: checking for netinet/in.h
configure:7270: result: yes
configure:7286: checking sys/param.h usability
configure:7286: gcc -c -O3 -fomit-frame-pointer -fstrict-aliasing -march=amdfam10  conftest.c >&5
configure:7286: $? = 0
configure:7286: result: yes
configure:7286: checking sys/param.h presence
configure:7286: gcc -E  conftest.c
configure:7286: $? = 0
configure:7286: result: yes
configure:7286: checking for sys/param.h
configure:7286: result: yes
configure:7298: checking for sys/sysctl.h
configure:7298: gcc -c -O3 -fomit-frame-pointer -fstrict-aliasing -march=amdfam10  conftest.c >&5
In file included from conftest.c:49:
/usr/include/x86_64-linux-gnu/sys/sysctl.h:21:2: warning: #warning "The <sys/sysctl.h> header is deprecated and will be removed." [-Wcpp]
   21 | #warning "The <sys/sysctl.h> header is deprecated and will be removed."
      |  ^~~~~~~
configure:7298: $? = 0
configure:7298: result: yes
configure:7339: checking whether byte ordering is bigendian
configure:7354: gcc -c -O3 -fomit-frame-pointer -fstrict-aliasing -march=amdfam10  conftest.c >&5
conftest.c:46:9: error: unknown type name 'not'
   46 |         not a universal capable compiler
      |         ^~~
conftest.c:46:15: error: expected '=', ',', ';', 'asm' or '__attribute__' before 'universal'
   46 |         not a universal capable compiler
      |               ^~~~~~~~~
conftest.c:46:15: error: unknown type name 'universal'
configure:7354: $? = 1
configure: failed program was:
| /* confdefs.h */
| #define PACKAGE_NAME "HMMER"
| #define PACKAGE_TARNAME "hmmer"
| #define PACKAGE_VERSION "3.1b2"
| #define PACKAGE_STRING "HMMER 3.1b2"
| #define PACKAGE_BUGREPORT "eddys@janelia.hhmi.org"
| #define PACKAGE_URL ""
| #define HMMER_DATE "February 2015"
| #define HMMER_COPYRIGHT "Copyright (C) 2015 Howard Hughes Medical Institute."
| #define HMMER_LICENSE "Freely distributed under the GNU General Public License (GPLv3)."
| #define HMMER_VERSION "3.1b2"
| #define HMMER_URL "http://hmmer.org/"
| #define EASEL_DATE "February 2015"
| #define EASEL_COPYRIGHT "Copyright (C) 2015 Howard Hughes Medical Institute."
| #define EASEL_LICENSE "Freely distributed under the Janelia Farm Software License."
| #define EASEL_VERSION "h3.1b2"
| #define eslLIBRARY 1
| #define eslDEBUGLEVEL 0
| #define HMMER_THREADS 1
| #define HAVE_PTHREAD 1
| #define HAVE_SSE2_CAST 1
| #define HAVE_FLUSH_ZERO_MODE 1
| #define HAVE_SSE2 1
| #define p7_IMPL_SSE 1
| #define HAVE_GZIP 1
| #define STDC_HEADERS 1
| #define HAVE_SYS_TYPES_H 1
| #define HAVE_SYS_STAT_H 1
| #define HAVE_STDLIB_H 1
| #define HAVE_STRING_H 1
| #define HAVE_MEMORY_H 1
| #define HAVE_STRINGS_H 1
| #define HAVE_INTTYPES_H 1
| #define HAVE_STDINT_H 1
| #define HAVE_UNISTD_H 1
| #define HAVE_ENDIAN_H 1
| #define HAVE_INTTYPES_H 1
| #define HAVE_STDINT_H 1
| #define HAVE_UNISTD_H 1
| #define HAVE_SYS_TYPES_H 1
| #define HAVE_NETINET_IN_H 1
| #define HAVE_SYS_PARAM_H 1
| #define HAVE_SYS_SYSCTL_H 1
| /* end confdefs.h.  */
| #ifndef __APPLE_CC__
| 	       not a universal capable compiler
| 	     #endif
| 	     typedef int dummy;
| 
configure:7399: gcc -c -O3 -fomit-frame-pointer -fstrict-aliasing -march=amdfam10  conftest.c >&5
configure:7399: $? = 0
configure:7417: gcc -c -O3 -fomit-frame-pointer -fstrict-aliasing -march=amdfam10  conftest.c >&5
conftest.c: In function 'main':
conftest.c:52:4: error: unknown type name 'not'; did you mean 'ino_t'?
   52 |    not big endian
      |    ^~~
      |    ino_t
conftest.c:52:12: error: expected '=', ',', ';', 'asm' or '__attribute__' before 'endian'
   52 |    not big endian
      |            ^~~~~~
configure:7417: $? = 1
configure: failed program was:
| /* confdefs.h */
| #define PACKAGE_NAME "HMMER"
| #define PACKAGE_TARNAME "hmmer"
| #define PACKAGE_VERSION "3.1b2"
| #define PACKAGE_STRING "HMMER 3.1b2"
| #define PACKAGE_BUGREPORT "eddys@janelia.hhmi.org"
| #define PACKAGE_URL ""
| #define HMMER_DATE "February 2015"
| #define HMMER_COPYRIGHT "Copyright (C) 2015 Howard Hughes Medical Institute."
| #define HMMER_LICENSE "Freely distributed under the GNU General Public License (GPLv3)."
| #define HMMER_VERSION "3.1b2"
| #define HMMER_URL "http://hmmer.org/"
| #define EASEL_DATE "February 2015"
| #define EASEL_COPYRIGHT "Copyright (C) 2015 Howard Hughes Medical Institute."
| #define EASEL_LICENSE "Freely distributed under the Janelia Farm Software License."
| #define EASEL_VERSION "h3.1b2"
| #define eslLIBRARY 1
| #define eslDEBUGLEVEL 0
| #define HMMER_THREADS 1
| #define HAVE_PTHREAD 1
| #define HAVE_SSE2_CAST 1
| #define HAVE_FLUSH_ZERO_MODE 1
| #define HAVE_SSE2 1
| #define p7_IMPL_SSE 1
| #define HAVE_GZIP 1
| #define STDC_HEADERS 1
| #define HAVE_SYS_TYPES_H 1
| #define HAVE_SYS_STAT_H 1
| #define HAVE_STDLIB_H 1
| #define HAVE_STRING_H 1
| #define HAVE_MEMORY_H 1
| #define HAVE_STRINGS_H 1
| #define HAVE_INTTYPES_H 1
| #define HAVE_STDINT_H 1
| #define HAVE_UNISTD_H 1
| #define HAVE_ENDIAN_H 1
| #define HAVE_INTTYPES_H 1
| #define HAVE_STDINT_H 1
| #define HAVE_UNISTD_H 1
| #define HAVE_SYS_TYPES_H 1
| #define HAVE_NETINET_IN_H 1
| #define HAVE_SYS_PARAM_H 1
| #define HAVE_SYS_SYSCTL_H 1
| /* end confdefs.h.  */
| #include <sys/types.h>
| 		#include <sys/param.h>
| 
| int
| main ()
| {
| #if BYTE_ORDER != BIG_ENDIAN
| 		 not big endian
| 		#endif
| 
|   ;
|   return 0;
| }
configure:7545: result: no
configure:7563: checking for uint8_t
configure:7563: gcc -c -O3 -fomit-frame-pointer -fstrict-aliasing -march=amdfam10  conftest.c >&5
configure:7563: $? = 0
configure:7563: result: yes
configure:7577: checking for uint16_t
configure:7577: gcc -c -O3 -fomit-frame-pointer -fstrict-aliasing -march=amdfam10  conftest.c >&5
configure:7577: $? = 0
configure:7577: result: yes
configure:7589: checking for uint32_t
configure:7589: gcc -c -O3 -fomit-frame-pointer -fstrict-aliasing -march=amdfam10  conftest.c >&5
configure:7589: $? = 0
configure:7589: result: yes
configure:7603: checking for uint64_t
configure:7603: gcc -c -O3 -fomit-frame-pointer -fstrict-aliasing -march=amdfam10  conftest.c >&5
configure:7603: $? = 0
configure:7603: result: yes
configure:7617: checking for off_t
configure:7617: gcc -c -O3 -fomit-frame-pointer -fstrict-aliasing -march=amdfam10  conftest.c >&5
configure:7617: $? = 0
configure:7617: gcc -c -O3 -fomit-frame-pointer -fstrict-aliasing -march=amdfam10  conftest.c >&5
conftest.c: In function 'main':
conftest.c:81:20: error: expected expression before ')' token
   81 | if (sizeof ((off_t)))
      |                    ^
configure:7617: $? = 1
configure: failed program was:
| /* confdefs.h */
| #define PACKAGE_NAME "HMMER"
| #define PACKAGE_TARNAME "hmmer"
| #define PACKAGE_VERSION "3.1b2"
| #define PACKAGE_STRING "HMMER 3.1b2"
| #define PACKAGE_BUGREPORT "eddys@janelia.hhmi.org"
| #define PACKAGE_URL ""
| #define HMMER_DATE "February 2015"
| #define HMMER_COPYRIGHT "Copyright (C) 2015 Howard Hughes Medical Institute."
| #define HMMER_LICENSE "Freely distributed under the GNU General Public License (GPLv3)."
| #define HMMER_VERSION "3.1b2"
| #define HMMER_URL "http://hmmer.org/"
| #define EASEL_DATE "February 2015"
| #define EASEL_COPYRIGHT "Copyright (C) 2015 Howard Hughes Medical Institute."
| #define EASEL_LICENSE "Freely distributed under the Janelia Farm Software License."
| #define EASEL_VERSION "h3.1b2"
| #define eslLIBRARY 1
| #define eslDEBUGLEVEL 0
| #define HMMER_THREADS 1
| #define HAVE_PTHREAD 1
| #define HAVE_SSE2_CAST 1
| #define HAVE_FLUSH_ZERO_MODE 1
| #define HAVE_SSE2 1
| #define p7_IMPL_SSE 1
| #define HAVE_GZIP 1
| #define STDC_HEADERS 1
| #define HAVE_SYS_TYPES_H 1
| #define HAVE_SYS_STAT_H 1
| #define HAVE_STDLIB_H 1
| #define HAVE_STRING_H 1
| #define HAVE_MEMORY_H 1
| #define HAVE_STRINGS_H 1
| #define HAVE_INTTYPES_H 1
| #define HAVE_STDINT_H 1
| #define HAVE_UNISTD_H 1
| #define HAVE_ENDIAN_H 1
| #define HAVE_INTTYPES_H 1
| #define HAVE_STDINT_H 1
| #define HAVE_UNISTD_H 1
| #define HAVE_SYS_TYPES_H 1
| #define HAVE_NETINET_IN_H 1
| #define HAVE_SYS_PARAM_H 1
| #define HAVE_SYS_SYSCTL_H 1
| /* end confdefs.h.  */
| #include <stdio.h>
| #ifdef HAVE_SYS_TYPES_H
| # include <sys/types.h>
| #endif
| #ifdef HAVE_SYS_STAT_H
| # include <sys/stat.h>
| #endif
| #ifdef STDC_HEADERS
| # include <stdlib.h>
| # include <stddef.h>
| #else
| # ifdef HAVE_STDLIB_H
| #  include <stdlib.h>
| # endif
| #endif
| #ifdef HAVE_STRING_H
| # if !defined STDC_HEADERS && defined HAVE_MEMORY_H
| #  include <memory.h>
| # endif
| # include <string.h>
| #endif
| #ifdef HAVE_STRINGS_H
| # include <strings.h>
| #endif
| #ifdef HAVE_INTTYPES_H
| # include <inttypes.h>
| #endif
| #ifdef HAVE_STDINT_H
| # include <stdint.h>
| #endif
| #ifdef HAVE_UNISTD_H
| # include <unistd.h>
| #endif
| int
| main ()
| {
| if (sizeof ((off_t)))
| 	    return 0;
|   ;
|   return 0;
| }
configure:7617: result: yes
configure:7633: checking for mkstemp
configure:7633: gcc -o conftest -O3 -fomit-frame-pointer -fstrict-aliasing -march=amdfam10   conftest.c  >&5
configure:7633: $? = 0
configure:7633: result: yes
configure:7644: checking for popen
configure:7644: gcc -o conftest -O3 -fomit-frame-pointer -fstrict-aliasing -march=amdfam10   conftest.c  >&5
configure:7644: $? = 0
configure:7644: result: yes
configure:7655: checking for strcasecmp
configure:7655: gcc -o conftest -O3 -fomit-frame-pointer -fstrict-aliasing -march=amdfam10   conftest.c  >&5
conftest.c:70:6: warning: conflicting types for built-in function 'strcasecmp'; expected 'int(const char *, const char *)' [-Wbuiltin-declaration-mismatch]
   70 | char strcasecmp ();
      |      ^~~~~~~~~~
configure:7655: $? = 0
configure:7655: result: yes
configure:7666: checking for times
configure:7666: gcc -o conftest -O3 -fomit-frame-pointer -fstrict-aliasing -march=amdfam10   conftest.c  >&5
configure:7666: $? = 0
configure:7666: result: yes
configure:7677: checking for getpid
configure:7677: gcc -o conftest -O3 -fomit-frame-pointer -fstrict-aliasing -march=amdfam10   conftest.c  >&5
configure:7677: $? = 0
configure:7677: result: yes
configure:7688: checking for sysctl
configure:7688: gcc -o conftest -O3 -fomit-frame-pointer -fstrict-aliasing -march=amdfam10   conftest.c  >&5
configure:7688: $? = 0
configure:7688: result: yes
configure:7699: checking for sysconf
configure:7699: gcc -o conftest -O3 -fomit-frame-pointer -fstrict-aliasing -march=amdfam10   conftest.c  >&5
configure:7699: $? = 0
configure:7699: result: yes
configure:7710: checking for getcwd
configure:7710: gcc -o conftest -O3 -fomit-frame-pointer -fstrict-aliasing -march=amdfam10   conftest.c  >&5
configure:7710: $? = 0
configure:7710: result: yes
configure:7721: checking for stat
configure:7721: gcc -o conftest -O3 -fomit-frame-pointer -fstrict-aliasing -march=amdfam10   conftest.c  >&5
configure:7721: $? = 0
configure:7721: result: yes
configure:7732: checking for fstat
configure:7732: gcc -o conftest -O3 -fomit-frame-pointer -fstrict-aliasing -march=amdfam10   conftest.c  >&5
configure:7732: $? = 0
configure:7732: result: yes
configure:7744: checking for ntohs
configure:7744: gcc -o conftest -O3 -fomit-frame-pointer -fstrict-aliasing -march=amdfam10   conftest.c  >&5
configure:7744: $? = 0
configure:7744: result: yes
configure:7801: checking for ntohl
configure:7801: gcc -o conftest -O3 -fomit-frame-pointer -fstrict-aliasing -march=amdfam10   conftest.c  >&5
configure:7801: $? = 0
configure:7801: result: yes
configure:7858: checking for htons
configure:7858: gcc -o conftest -O3 -fomit-frame-pointer -fstrict-aliasing -march=amdfam10   conftest.c  >&5
configure:7858: $? = 0
configure:7858: result: yes
configure:7915: checking for htonl
configure:7915: gcc -o conftest -O3 -fomit-frame-pointer -fstrict-aliasing -march=amdfam10   conftest.c  >&5
configure:7915: $? = 0
configure:7915: result: yes
configure:7970: checking for _LARGEFILE_SOURCE value needed for large files
configure:7989: gcc -o conftest -O3 -fomit-frame-pointer -fstrict-aliasing -march=amdfam10   conftest.c  >&5
configure:7989: $? = 0
configure:8017: result: no
configure:8049: checking for special C compiler options needed for large files
configure:8094: result: no
configure:8100: checking for _FILE_OFFSET_BITS value needed for large files
configure:8125: gcc -c -O3 -fomit-frame-pointer -fstrict-aliasing -march=amdfam10  conftest.c >&5
configure:8125: $? = 0
configure:8157: result: no
configure:8408: creating ./config.status

## ---------------------- ##
## Running config.status. ##
## ---------------------- ##

This file was extended by HMMER config.status 3.1b2, which was
generated by GNU Autoconf 2.68.  Invocation command line was

  CONFIG_FILES    = 
  CONFIG_HEADERS  = 
  CONFIG_LINKS    = 
  CONFIG_COMMANDS = 
  $ ./config.status 

on LAPTOP-14P6JRSP

config.status:911: creating documentation/Makefile
config.status:911: creating documentation/man/Makefile
config.status:911: creating src/Makefile
config.status:911: creating testsuite/Makefile
config.status:911: creating profmark/Makefile
config.status:911: creating src/impl_sse/Makefile
config.status:911: creating easel/miniapps/Makefile
config.status:911: creating easel/testsuite/Makefile
config.status:911: creating easel/Makefile
config.status:911: creating libdivsufsort/Makefile
config.status:911: creating Makefile
config.status:911: creating src/p7_config.h
config.status:1086: src/p7_config.h is unchanged
config.status:911: creating easel/esl_config.h
config.status:1086: easel/esl_config.h is unchanged
config.status:911: creating libdivsufsort/divsufsort.h
config.status:1086: libdivsufsort/divsufsort.h is unchanged
config.status:1112: linking src/impl_sse to src/impl

## ---------------- ##
## Cache variables. ##
## ---------------- ##

ac_cv_build=x86_64-unknown-linux-gnu
ac_cv_c_bigendian=no
ac_cv_c_compiler_gnu=yes
ac_cv_c_uint16_t=yes
ac_cv_c_uint32_t=yes
ac_cv_c_uint64_t=yes
ac_cv_c_uint8_t=yes
ac_cv_env_CC_set=
ac_cv_env_CC_value=
ac_cv_env_CFLAGS_set=
ac_cv_env_CFLAGS_value=
ac_cv_env_CPPFLAGS_set=
ac_cv_env_CPPFLAGS_value=
ac_cv_env_CPP_set=
ac_cv_env_CPP_value=
ac_cv_env_LDFLAGS_set=
ac_cv_env_LDFLAGS_value=
ac_cv_env_LIBS_set=
ac_cv_env_LIBS_value=
ac_cv_env_MPICC_set=
ac_cv_env_MPICC_value=
ac_cv_env_PIC_FLAGS_set=
ac_cv_env_PIC_FLAGS_value=
ac_cv_env_build_alias_set=
ac_cv_env_build_alias_value=
ac_cv_env_host_alias_set=
ac_cv_env_host_alias_value=
ac_cv_env_target_alias_set=
ac_cv_env_target_alias_value=
ac_cv_func_fstat=yes
ac_cv_func_getcwd=yes
ac_cv_func_getpid=yes
ac_cv_func_htonl=yes
ac_cv_func_htons=yes
ac_cv_func_mkstemp=yes
ac_cv_func_ntohl=yes
ac_cv_func_ntohs=yes
ac_cv_func_popen=yes
ac_cv_func_stat=yes
ac_cv_func_strcasecmp=yes
ac_cv_func_sysconf=yes
ac_cv_func_sysctl=yes
ac_cv_func_times=yes
ac_cv_header_endian_h=yes
ac_cv_header_inttypes_h=yes
ac_cv_header_memory_h=yes
ac_cv_header_netinet_in_h=yes
ac_cv_header_stdc=yes
ac_cv_header_stdint_h=yes
ac_cv_header_stdlib_h=yes
ac_cv_header_string_h=yes
ac_cv_header_strings_h=yes
ac_cv_header_sys_param_h=yes
ac_cv_header_sys_stat_h=yes
ac_cv_header_sys_sysctl_h=yes
ac_cv_header_sys_types_h=yes
ac_cv_header_unistd_h=yes
ac_cv_host=x86_64-unknown-linux-gnu
ac_cv_objext=o
ac_cv_path_AR=/usr/bin/ar
ac_cv_path_EGREP='/usr/bin/grep -E'
ac_cv_path_GREP=/usr/bin/grep
ac_cv_path_HAVE_GZIP=/usr/bin/gzip
ac_cv_path_SED=/usr/bin/sed
ac_cv_path_install='/usr/bin/install -c'
ac_cv_prog_CPP='gcc -E'
ac_cv_prog_PTHREAD_CC=gcc
ac_cv_prog_ac_ct_CC=gcc
ac_cv_prog_ac_ct_RANLIB=ranlib
ac_cv_prog_cc_c89=
ac_cv_prog_cc_c99=
ac_cv_prog_cc_g=yes
ac_cv_prog_cc_stdc=
ac_cv_sys_file_offset_bits=no
ac_cv_sys_largefile_CC=no
ac_cv_sys_largefile_source=no
ac_cv_type_off_t=yes
ax_cv_c_compiler_vendor=gnu
ax_cv_c_flags__O3__fomit_frame_pointer__fstrict_aliasing__march_amdfam10=yes
ax_cv_c_flags__fstrict_aliasing=yes
ax_cv_c_flags__msse2=yes
ax_cv_check_cflags___march_amdfam10=yes
ax_cv_gcc_archflag=-march=amdfam10
ax_cv_gcc_x86_cpuid_0=d:68747541:444d4163:69746e65
ax_cv_gcc_x86_cpuid_1=a50f00:100800:fed83203:178bfbff

## ----------------- ##
## Output variables. ##
## ----------------- ##

AR='/usr/bin/ar'
CC='gcc'
CFLAGS='-O3 -fomit-frame-pointer -fstrict-aliasing -march=amdfam10'
CPP='gcc -E'
CPPFLAGS=''
DEFS='-DHAVE_CONFIG_H'
EASEL_COPYRIGHT='Copyright (C) 2015 Howard Hughes Medical Institute.'
EASEL_DATE='February 2015'
EASEL_LICENSE='Freely distributed under the Janelia Farm Software License.'
EASEL_URL='http://bioeasel.org/'
EASEL_VERSION='h3.1b2'
ECHO_C=''
ECHO_N='-n'
ECHO_T=''
EGREP='/usr/bin/grep -E'
EXEC_DEPENDENCY='%: %.o'
EXEEXT=''
GREP='/usr/bin/grep'
GROUPHMMERLIBS='-Wl,--start-group -lhmmer -lhmmerimpl -Wl,--end-group'
HAVE_GZIP='/usr/bin/gzip'
HMMERIMPLLIB='impl_sse/libhmmerimpl.a'
HMMER_COPYRIGHT='Copyright (C) 2015 Howard Hughes Medical Institute.'
HMMER_DATE='February 2015'
HMMER_ESLDIR='easel'
HMMER_LICENSE='Freely distributed under the GNU General Public License (GPLv3).'
HMMER_SADIR='libdivsufsort'
HMMER_URL='http://hmmer.org/'
HMMER_VERSION='3.1b2'
IMPL_CHOICE='sse'
INSTALL_DATA='${INSTALL} -m 644'
INSTALL_PROGRAM='${INSTALL}'
INSTALL_SCRIPT='${INSTALL}'
LDFLAGS=''
LIBGSL=''
LIBOBJS=''
LIBS=''
LTLIBOBJS=''
MPICC=''
MPILIBS=''
MPI_BENCHMARKS=''
MPI_UTESTS=''
OBJEXT='o'
PACKAGE_BUGREPORT='eddys@janelia.hhmi.org'
PACKAGE_NAME='HMMER'
PACKAGE_STRING='HMMER 3.1b2'
PACKAGE_TARNAME='hmmer'
PACKAGE_URL=''
PACKAGE_VERSION='3.1b2'
PATH_SEPARATOR=':'
PIC_FLAGS='-fPIC'
PRTDIAG=''
PTHREAD_CC='gcc'
PTHREAD_CFLAGS='-pthread'
PTHREAD_LIBS=''
RANLIB='ranlib'
SED='/usr/bin/sed'
SHELL='/bin/bash'
SIMD_CFLAGS='-msse2'
ac_ct_CC='gcc'
acx_pthread_config=''
bindir='${exec_prefix}/bin'
build='x86_64-unknown-linux-gnu'
build_alias=''
build_cpu='x86_64'
build_os='linux-gnu'
build_vendor='unknown'
datadir='${datarootdir}'
datarootdir='${prefix}/share'
docdir='${datarootdir}/doc/${PACKAGE_TARNAME}'
dvidir='${docdir}'
exec_prefix='${prefix}'
host='x86_64-unknown-linux-gnu'
host_alias=''
host_cpu='x86_64'
host_os='linux-gnu'
host_vendor='unknown'
htmldir='${docdir}'
includedir='${prefix}/include'
infodir='${datarootdir}/info'
libdir='${exec_prefix}/lib'
libexecdir='${exec_prefix}/libexec'
localedir='${datarootdir}/locale'
localstatedir='${prefix}/var'
mandir='${datarootdir}/man'
oldincludedir='/usr/include'
pdfdir='${docdir}'
prefix='/home/shaoxunliu/miniconda3/envs/rclamps_env'
program_transform_name='s,x,x,'
psdir='${docdir}'
sbindir='${exec_prefix}/sbin'
sharedstatedir='${prefix}/com'
sysconfdir='${prefix}/etc'
target_alias=''

## ----------- ##
## confdefs.h. ##
## ----------- ##

/* confdefs.h */
#define PACKAGE_NAME "HMMER"
#define PACKAGE_TARNAME "hmmer"
#define PACKAGE_VERSION "3.1b2"
#define PACKAGE_STRING "HMMER 3.1b2"
#define PACKAGE_BUGREPORT "eddys@janelia.hhmi.org"
#define PACKAGE_URL ""
#define HMMER_DATE "February 2015"
#define HMMER_COPYRIGHT "Copyright (C) 2015 Howard Hughes Medical Institute."
#define HMMER_LICENSE "Freely distributed under the GNU General Public License (GPLv3)."
#define HMMER_VERSION "3.1b2"
#define HMMER_URL "http://hmmer.org/"
#define EASEL_DATE "February 2015"
#define EASEL_COPYRIGHT "Copyright (C) 2015 Howard Hughes Medical Institute."
#define EASEL_LICENSE "Freely distributed under the Janelia Farm Software License."
#define EASEL_VERSION "h3.1b2"
#define eslLIBRARY 1
#define eslDEBUGLEVEL 0
#define HMMER_THREADS 1
#define HAVE_PTHREAD 1
#define HAVE_SSE2_CAST 1
#define HAVE_FLUSH_ZERO_MODE 1
#define HAVE_SSE2 1
#define p7_IMPL_SSE 1
#define HAVE_GZIP 1
#define STDC_HEADERS 1
#define HAVE_SYS_TYPES_H 1
#define HAVE_SYS_STAT_H 1
#define HAVE_STDLIB_H 1
#define HAVE_STRING_H 1
#define HAVE_MEMORY_H 1
#define HAVE_STRINGS_H 1
#define HAVE_INTTYPES_H 1
#define HAVE_STDINT_H 1
#define HAVE_UNISTD_H 1
#define HAVE_ENDIAN_H 1
#define HAVE_INTTYPES_H 1
#define HAVE_STDINT_H 1
#define HAVE_UNISTD_H 1
#define HAVE_SYS_TYPES_H 1
#define HAVE_NETINET_IN_H 1
#define HAVE_SYS_PARAM_H 1
#define HAVE_SYS_SYSCTL_H 1
#define HAVE_MKSTEMP 1
#define HAVE_POPEN 1
#define HAVE_STRCASECMP 1
#define HAVE_TIMES 1
#define HAVE_GETPID 1
#define HAVE_SYSCTL 1
#define HAVE_SYSCONF 1
#define HAVE_GETCWD 1
#define HAVE_STAT 1
#define HAVE_FSTAT 1
#define HAVE_NTOHS 1
#define HAVE_NTOHL 1
#define HAVE_HTONS 1
#define HAVE_HTONL 1
#define HAVE_FSEEKO 1

configure: exit 0
